<?xml version="1.0" encoding="UTF-8"?>
<testng-results ignored="0" total="1" passed="1" failed="0" skipped="0">
  <reporter-output>
  </reporter-output>
  <suite started-at="2026-04-18T18:03:27 IST" name="Default suite" finished-at="2026-04-18T18:03:38 IST" duration-ms="10365">
    <groups>
    </groups>
    <test started-at="2026-04-18T18:03:27 IST" name="Default test" finished-at="2026-04-18T18:03:38 IST" duration-ms="10365">
      <class name="testCases.FlightTestCases">
        <test-method is-config="true" signature="startBrowser()[pri:0, instance:testCases.FlightTestCases@6e2829c7]" started-at="2026-04-18T18:03:27 IST" name="startBrowser" finished-at="2026-04-18T18:03:35 IST" duration-ms="7479" status="PASS">
          <reporter-output>
          </reporter-output>
        </test-method> <!-- startBrowser -->
        <test-method signature="checkVisibilityOfFlightButton()[pri:0, instance:testCases.FlightTestCases@6e2829c7]" started-at="2026-04-18T18:03:35 IST" name="checkVisibilityOfFlightButton" finished-at="2026-04-18T18:03:37 IST" duration-ms="2286" status="PASS">
          <reporter-output>
          </reporter-output>
        </test-method> <!-- checkVisibilityOfFlightButton -->
        <test-method is-config="true" signature="tearDown()[pri:0, instance:testCases.FlightTestCases@6e2829c7]" started-at="2026-04-18T18:03:37 IST" name="tearDown" finished-at="2026-04-18T18:03:38 IST" duration-ms="420" status="PASS">
          <reporter-output>
          </reporter-output>
        </test-method> <!-- tearDown -->
      </class> <!-- testCases.FlightTestCases -->
    </test> <!-- Default test -->
  </suite> <!-- Default suite -->
</testng-results>
